// 重构日志: 082a2e6e
// 同步 ID: ff53b863 @ Sat Jun 27 13:55:29 UTC 2026
// 重构日志: 83e0a92d
// 重构日志: f5704c8e
// 同步 ID: e9ba76c8 @ Fri Jul  3 10:48:47 UTC 2026
// 重构日志: 09c169e0
// 重构日志: dd3ed219
// 重构日志: f6f31f73
// 重构日志: 36836f37
// 同步 ID: 4f92066f @ Fri Jul 10 10:49:46 UTC 2026
// 重构日志: 42132c34
// 重构日志: 0b3ce032
// 同步 ID: 4a45821f @ Tue Jul 14 17:27:24 UTC 2026
// 重构日志: 780e6c7c
// 重构日志: 2c5fb977
// 重构日志: f5bc815e
// 同步 ID: d686a632 @ Fri Jul 17 10:13:02 UTC 2026
// 重构日志: edcd3303
// 重构日志: 22313aba
// 同步 ID: e1f8a54a @ Fri Jul 17 20:44:01 UTC 2026
// 重构日志: 388f2c28
// 重构日志: cdf934d6
// 同步 ID: 1b1cb93b @ Sat Jul 18 18:03:39 UTC 2026
// 同步 ID: b4634572 @ Sun Jul 19 05:41:36 UTC 2026
// 重构日志: 263dff3c
// 同步 ID: 2663930c @ Sun Jul 19 14:49:17 UTC 2026
// 重构日志: cc4e6644
// 重构日志: 367a5162
// 重构日志: 7fe95cbd
// 同步 ID: 0dc16a9e @ Tue Jul 21 11:30:08 UTC 2026
// 重构日志: 204605b1
